{"/Users/manhurad/Documents/contact-request-processor/src/config.ts": {"path":"/Users/manhurad/Documents/contact-request-processor/src/config.ts","statementMap":{"0":{"start":{"line":3,"column":37},"end":{"line":29,"column":null}},"1":{"start":{"line":4,"column":64},"end":{"line":4,"column":null}},"2":{"start":{"line":6,"column":32},"end":{"line":6,"column":null}},"3":{"start":{"line":8,"column":2},"end":{"line":8,"column":null}},"4":{"start":{"line":8,"column":20},"end":{"line":8,"column":null}},"5":{"start":{"line":9,"column":2},"end":{"line":9,"column":null}},"6":{"start":{"line":9,"column":27},"end":{"line":9,"column":null}},"7":{"start":{"line":10,"column":2},"end":{"line":10,"column":null}},"8":{"start":{"line":10,"column":25},"end":{"line":10,"column":null}},"9":{"start":{"line":12,"column":2},"end":{"line":19,"column":null}},"10":{"start":{"line":13,"column":4},"end":{"line":18,"column":null}},"11":{"start":{"line":21,"column":2},"end":{"line":28,"column":null}}},"fnMap":{"0":{"name":"(anonymous_0)","decl":{"start":{"line":3,"column":37},"end":{"line":3,"column":57}},"loc":{"start":{"line":3,"column":57},"end":{"line":29,"column":null}},"line":3}},"branchMap":{"0":{"loc":{"start":{"line":8,"column":2},"end":{"line":8,"column":null}},"type":"if","locations":[{"start":{"line":8,"column":2},"end":{"line":8,"column":null}},{"start":{},"end":{}}],"line":8},"1":{"loc":{"start":{"line":9,"column":2},"end":{"line":9,"column":null}},"type":"if","locations":[{"start":{"line":9,"column":2},"end":{"line":9,"column":null}},{"start":{},"end":{}}],"line":9},"2":{"loc":{"start":{"line":10,"column":2},"end":{"line":10,"column":null}},"type":"if","locations":[{"start":{"line":10,"column":2},"end":{"line":10,"column":null}},{"start":{},"end":{}}],"line":10},"3":{"loc":{"start":{"line":12,"column":2},"end":{"line":19,"column":null}},"type":"if","locations":[{"start":{"line":12,"column":2},"end":{"line":19,"column":null}},{"start":{},"end":{}}],"line":12}},"s":{"0":2,"1":4,"2":4,"3":4,"4":2,"5":4,"6":2,"7":4,"8":2,"9":4,"10":3,"11":1},"f":{"0":4},"b":{"0":[2,2],"1":[2,2],"2":[2,2],"3":[3,1]},"meta":{"lastBranch":4,"lastFunction":1,"lastStatement":12,"seen":{"s:3:37:29:Infinity":0,"f:3:37:3:57":0,"s:4:64:4:Infinity":1,"s:6:32:6:Infinity":2,"b:8:2:8:Infinity:undefined:undefined:undefined:undefined":0,"s:8:2:8:Infinity":3,"s:8:20:8:Infinity":4,"b:9:2:9:Infinity:undefined:undefined:undefined:undefined":1,"s:9:2:9:Infinity":5,"s:9:27:9:Infinity":6,"b:10:2:10:Infinity:undefined:undefined:undefined:undefined":2,"s:10:2:10:Infinity":7,"s:10:25:10:Infinity":8,"b:12:2:19:Infinity:undefined:undefined:undefined:undefined":3,"s:12:2:19:Infinity":9,"s:13:4:18:Infinity":10,"s:21:2:28:Infinity":11}}}
,"/Users/manhurad/Documents/contact-request-processor/src/db.ts": {"path":"/Users/manhurad/Documents/contact-request-processor/src/db.ts","statementMap":{"0":{"start":{"line":5,"column":26},"end":{"line":5,"column":null}},"1":{"start":{"line":7,"column":27},"end":{"line":9,"column":null}},"2":{"start":{"line":8,"column":2},"end":{"line":8,"column":null}},"3":{"start":{"line":12,"column":2},"end":{"line":14,"column":null}},"4":{"start":{"line":13,"column":4},"end":{"line":13,"column":null}},"5":{"start":{"line":16,"column":17},"end":{"line":16,"column":null}},"6":{"start":{"line":18,"column":2},"end":{"line":18,"column":null}},"7":{"start":{"line":20,"column":2},"end":{"line":20,"column":null}},"8":{"start":{"line":22,"column":2},"end":{"line":22,"column":null}},"9":{"start":{"line":29,"column":2},"end":{"line":35,"column":null}},"10":{"start":{"line":30,"column":4},"end":{"line":30,"column":null}},"11":{"start":{"line":31,"column":4},"end":{"line":34,"column":null}},"12":{"start":{"line":37,"column":2},"end":{"line":66,"column":null}},"13":{"start":{"line":38,"column":15},"end":{"line":38,"column":null}},"14":{"start":{"line":40,"column":25},"end":{"line":45,"column":null}},"15":{"start":{"line":47,"column":4},"end":{"line":56,"column":null}},"16":{"start":{"line":48,"column":6},"end":{"line":51,"column":null}},"17":{"start":{"line":53,"column":6},"end":{"line":55,"column":null}},"18":{"start":{"line":58,"column":4},"end":{"line":58,"column":null}},"19":{"start":{"line":60,"column":25},"end":{"line":60,"column":null}},"20":{"start":{"line":61,"column":4},"end":{"line":63,"column":null}},"21":{"start":{"line":65,"column":4},"end":{"line":65,"column":null}}},"fnMap":{"0":{"name":"(anonymous_0)","decl":{"start":{"line":7,"column":27},"end":{"line":7,"column":33}},"loc":{"start":{"line":7,"column":33},"end":{"line":9,"column":null}},"line":7},"1":{"name":"connectToDatabase","decl":{"start":{"line":11,"column":22},"end":{"line":11,"column":40}},"loc":{"start":{"line":11,"column":66},"end":{"line":23,"column":null}},"line":11},"2":{"name":"updateContactRequestClassification","decl":{"start":{"line":25,"column":22},"end":{"line":25,"column":null}},"loc":{"start":{"line":28,"column":56},"end":{"line":67,"column":null}},"line":28}},"branchMap":{"0":{"loc":{"start":{"line":12,"column":2},"end":{"line":14,"column":null}},"type":"if","locations":[{"start":{"line":12,"column":2},"end":{"line":14,"column":null}},{"start":{},"end":{}}],"line":12},"1":{"loc":{"start":{"line":29,"column":2},"end":{"line":35,"column":null}},"type":"if","locations":[{"start":{"line":29,"column":2},"end":{"line":35,"column":null}},{"start":{},"end":{}}],"line":29},"2":{"loc":{"start":{"line":47,"column":4},"end":{"line":56,"column":null}},"type":"if","locations":[{"start":{"line":47,"column":4},"end":{"line":56,"column":null}},{"start":{"line":52,"column":11},"end":{"line":56,"column":null}}],"line":47},"3":{"loc":{"start":{"line":60,"column":25},"end":{"line":60,"column":null}},"type":"cond-expr","locations":[{"start":{"line":60,"column":50},"end":{"line":60,"column":66}},{"start":{"line":60,"column":66},"end":{"line":60,"column":null}}],"line":60},"4":{"loc":{"start":{"line":62,"column":13},"end":{"line":62,"column":null}},"type":"cond-expr","locations":[{"start":{"line":62,"column":38},"end":{"line":62,"column":46}},{"start":{"line":62,"column":46},"end":{"line":62,"column":null}}],"line":62}},"s":{"0":2,"1":2,"2":7,"3":7,"4":1,"5":6,"6":6,"7":6,"8":6,"9":5,"10":1,"11":1,"12":4,"13":4,"14":4,"15":2,"16":1,"17":1,"18":2,"19":2,"20":2,"21":2},"f":{"0":7,"1":7,"2":5},"b":{"0":[1,6],"1":[1,4],"2":[1,1],"3":[1,1],"4":[1,1]},"meta":{"lastBranch":5,"lastFunction":3,"lastStatement":22,"seen":{"s:5:26:5:Infinity":0,"s:7:27:9:Infinity":1,"f:7:27:7:33":0,"s:8:2:8:Infinity":2,"f:11:22:11:40":1,"b:12:2:14:Infinity:undefined:undefined:undefined:undefined":0,"s:12:2:14:Infinity":3,"s:13:4:13:Infinity":4,"s:16:17:16:Infinity":5,"s:18:2:18:Infinity":6,"s:20:2:20:Infinity":7,"s:22:2:22:Infinity":8,"f:25:22:25:Infinity":2,"b:29:2:35:Infinity:undefined:undefined:undefined:undefined":1,"s:29:2:35:Infinity":9,"s:30:4:30:Infinity":10,"s:31:4:34:Infinity":11,"s:37:2:66:Infinity":12,"s:38:15:38:Infinity":13,"s:40:25:45:Infinity":14,"b:47:4:56:Infinity:52:11:56:Infinity":2,"s:47:4:56:Infinity":15,"s:48:6:51:Infinity":16,"s:53:6:55:Infinity":17,"s:58:4:58:Infinity":18,"s:60:25:60:Infinity":19,"b:60:50:60:66:60:66:60:Infinity":3,"s:61:4:63:Infinity":20,"b:62:38:62:46:62:46:62:Infinity":4,"s:65:4:65:Infinity":21}}}
,"/Users/manhurad/Documents/contact-request-processor/src/index.ts": {"path":"/Users/manhurad/Documents/contact-request-processor/src/index.ts","statementMap":{"0":{"start":{"line":11,"column":23},"end":{"line":89,"column":null}},"1":{"start":{"line":15,"column":2},"end":{"line":15,"column":null}},"2":{"start":{"line":17,"column":2},"end":{"line":88,"column":null}},"3":{"start":{"line":18,"column":4},"end":{"line":18,"column":null}},"4":{"start":{"line":19,"column":10},"end":{"line":19,"column":null}},"5":{"start":{"line":21,"column":4},"end":{"line":24,"column":null}},"6":{"start":{"line":22,"column":6},"end":{"line":22,"column":null}},"7":{"start":{"line":23,"column":6},"end":{"line":23,"column":null}},"8":{"start":{"line":26,"column":66},"end":{"line":26,"column":null}},"9":{"start":{"line":28,"column":19},"end":{"line":28,"column":null}},"10":{"start":{"line":30,"column":4},"end":{"line":32,"column":null}},"11":{"start":{"line":33,"column":10},"end":{"line":33,"column":null}},"12":{"start":{"line":35,"column":4},"end":{"line":41,"column":null}},"13":{"start":{"line":36,"column":6},"end":{"line":39,"column":null}},"14":{"start":{"line":40,"column":6},"end":{"line":40,"column":null}},"15":{"start":{"line":43,"column":41},"end":{"line":43,"column":null}},"16":{"start":{"line":45,"column":4},"end":{"line":45,"column":null}},"17":{"start":{"line":47,"column":4},"end":{"line":47,"column":null}},"18":{"start":{"line":48,"column":39},"end":{"line":52,"column":null}},"19":{"start":{"line":53,"column":4},"end":{"line":53,"column":null}},"20":{"start":{"line":55,"column":4},"end":{"line":55,"column":null}},"21":{"start":{"line":56,"column":21},"end":{"line":59,"column":null}},"22":{"start":{"line":61,"column":4},"end":{"line":65,"column":null}},"23":{"start":{"line":62,"column":6},"end":{"line":62,"column":null}},"24":{"start":{"line":64,"column":6},"end":{"line":64,"column":null}},"25":{"start":{"line":67,"column":4},"end":{"line":67,"column":null}},"26":{"start":{"line":68,"column":27},"end":{"line":71,"column":null}},"27":{"start":{"line":73,"column":4},"end":{"line":79,"column":null}},"28":{"start":{"line":74,"column":6},"end":{"line":76,"column":null}},"29":{"start":{"line":78,"column":6},"end":{"line":78,"column":null}},"30":{"start":{"line":81,"column":4},"end":{"line":81,"column":null}},"31":{"start":{"line":83,"column":25},"end":{"line":83,"column":null}},"32":{"start":{"line":84,"column":4},"end":{"line":86,"column":null}},"33":{"start":{"line":87,"column":4},"end":{"line":87,"column":null}}},"fnMap":{"0":{"name":"(anonymous_0)","decl":{"start":{"line":11,"column":23},"end":{"line":11,"column":null}},"loc":{"start":{"line":14,"column":30},"end":{"line":89,"column":null}},"line":14}},"branchMap":{"0":{"loc":{"start":{"line":21,"column":4},"end":{"line":24,"column":null}},"type":"if","locations":[{"start":{"line":21,"column":4},"end":{"line":24,"column":null}},{"start":{},"end":{}}],"line":21},"1":{"loc":{"start":{"line":35,"column":4},"end":{"line":41,"column":null}},"type":"if","locations":[{"start":{"line":35,"column":4},"end":{"line":41,"column":null}},{"start":{},"end":{}}],"line":35},"2":{"loc":{"start":{"line":61,"column":4},"end":{"line":65,"column":null}},"type":"if","locations":[{"start":{"line":61,"column":4},"end":{"line":65,"column":null}},{"start":{"line":63,"column":11},"end":{"line":65,"column":null}}],"line":61},"3":{"loc":{"start":{"line":73,"column":4},"end":{"line":79,"column":null}},"type":"if","locations":[{"start":{"line":73,"column":4},"end":{"line":79,"column":null}},{"start":{"line":77,"column":11},"end":{"line":79,"column":null}}],"line":73},"4":{"loc":{"start":{"line":83,"column":25},"end":{"line":83,"column":null}},"type":"cond-expr","locations":[{"start":{"line":83,"column":50},"end":{"line":83,"column":66}},{"start":{"line":83,"column":66},"end":{"line":83,"column":null}}],"line":83},"5":{"loc":{"start":{"line":85,"column":13},"end":{"line":85,"column":null}},"type":"cond-expr","locations":[{"start":{"line":85,"column":38},"end":{"line":85,"column":46}},{"start":{"line":85,"column":46},"end":{"line":85,"column":null}}],"line":85}},"s":{"0":1,"1":8,"2":8,"3":8,"4":8,"5":8,"6":1,"7":1,"8":7,"9":7,"10":7,"11":7,"12":7,"13":1,"14":1,"15":6,"16":6,"17":6,"18":6,"19":4,"20":4,"21":4,"22":4,"23":1,"24":3,"25":4,"26":4,"27":4,"28":1,"29":3,"30":4,"31":2,"32":2,"33":2},"f":{"0":8},"b":{"0":[1,7],"1":[1,6],"2":[1,3],"3":[1,3],"4":[1,1],"5":[1,1]},"meta":{"lastBranch":6,"lastFunction":1,"lastStatement":34,"seen":{"s:11:23:89:Infinity":0,"f:11:23:11:Infinity":0,"s:15:2:15:Infinity":1,"s:17:2:88:Infinity":2,"s:18:4:18:Infinity":3,"s:19:10:19:Infinity":4,"b:21:4:24:Infinity:undefined:undefined:undefined:undefined":0,"s:21:4:24:Infinity":5,"s:22:6:22:Infinity":6,"s:23:6:23:Infinity":7,"s:26:66:26:Infinity":8,"s:28:19:28:Infinity":9,"s:30:4:32:Infinity":10,"s:33:10:33:Infinity":11,"b:35:4:41:Infinity:undefined:undefined:undefined:undefined":1,"s:35:4:41:Infinity":12,"s:36:6:39:Infinity":13,"s:40:6:40:Infinity":14,"s:43:41:43:Infinity":15,"s:45:4:45:Infinity":16,"s:47:4:47:Infinity":17,"s:48:39:52:Infinity":18,"s:53:4:53:Infinity":19,"s:55:4:55:Infinity":20,"s:56:21:59:Infinity":21,"b:61:4:65:Infinity:63:11:65:Infinity":2,"s:61:4:65:Infinity":22,"s:62:6:62:Infinity":23,"s:64:6:64:Infinity":24,"s:67:4:67:Infinity":25,"s:68:27:71:Infinity":26,"b:73:4:79:Infinity:77:11:79:Infinity":3,"s:73:4:79:Infinity":27,"s:74:6:76:Infinity":28,"s:78:6:78:Infinity":29,"s:81:4:81:Infinity":30,"s:83:25:83:Infinity":31,"b:83:50:83:66:83:66:83:Infinity":4,"s:84:4:86:Infinity":32,"b:85:38:85:46:85:46:85:Infinity":5,"s:87:4:87:Infinity":33}}}
,"/Users/manhurad/Documents/contact-request-processor/src/logger.ts": {"path":"/Users/manhurad/Documents/contact-request-processor/src/logger.ts","statementMap":{"0":{"start":{"line":4,"column":26},"end":{"line":9,"column":null}},"1":{"start":{"line":5,"column":2},"end":{"line":8,"column":null}},"2":{"start":{"line":11,"column":22},"end":{"line":11,"column":null}}},"fnMap":{"0":{"name":"(anonymous_0)","decl":{"start":{"line":4,"column":26},"end":{"line":4,"column":27}},"loc":{"start":{"line":4,"column":63},"end":{"line":9,"column":null}},"line":4}},"branchMap":{"0":{"loc":{"start":{"line":7,"column":15},"end":{"line":7,"column":null}},"type":"binary-expr","locations":[{"start":{"line":7,"column":15},"end":{"line":7,"column":33}},{"start":{"line":7,"column":33},"end":{"line":7,"column":58}},{"start":{"line":7,"column":58},"end":{"line":7,"column":null}}],"line":7}},"s":{"0":2,"1":5,"2":2},"f":{"0":5},"b":{"0":[5,4,3]},"meta":{"lastBranch":1,"lastFunction":1,"lastStatement":3,"seen":{"s:4:26:9:Infinity":0,"f:4:26:4:27":0,"s:5:2:8:Infinity":1,"b:7:15:7:33:7:33:7:58:7:58:7:Infinity":0,"s:11:22:11:Infinity":2}}}
,"/Users/manhurad/Documents/contact-request-processor/src/response.ts": {"path":"/Users/manhurad/Documents/contact-request-processor/src/response.ts","statementMap":{"0":{"start":{"line":3,"column":24},"end":{"line":5,"column":null}},"1":{"start":{"line":7,"column":29},"end":{"line":16,"column":null}},"2":{"start":{"line":11,"column":2},"end":{"line":15,"column":null}},"3":{"start":{"line":18,"column":31},"end":{"line":22,"column":null}},"4":{"start":{"line":21,"column":2},"end":{"line":21,"column":null}},"5":{"start":{"line":24,"column":29},"end":{"line":29,"column":null}},"6":{"start":{"line":28,"column":2},"end":{"line":28,"column":null}}},"fnMap":{"0":{"name":"(anonymous_0)","decl":{"start":{"line":7,"column":29},"end":{"line":7,"column":null}},"loc":{"start":{"line":10,"column":21},"end":{"line":16,"column":null}},"line":10},"1":{"name":"(anonymous_1)","decl":{"start":{"line":18,"column":31},"end":{"line":18,"column":null}},"loc":{"start":{"line":20,"column":21},"end":{"line":22,"column":null}},"line":20},"2":{"name":"(anonymous_2)","decl":{"start":{"line":24,"column":29},"end":{"line":24,"column":null}},"loc":{"start":{"line":27,"column":21},"end":{"line":29,"column":null}},"line":27}},"branchMap":{"0":{"loc":{"start":{"line":19,"column":2},"end":{"line":19,"column":null}},"type":"default-arg","locations":[{"start":{"line":19,"column":20},"end":{"line":19,"column":null}}],"line":19}},"s":{"0":2,"1":2,"2":13,"3":2,"4":6,"5":2,"6":6},"f":{"0":13,"1":6,"2":6},"b":{"0":[6]},"meta":{"lastBranch":1,"lastFunction":3,"lastStatement":7,"seen":{"s:3:24:5:Infinity":0,"s:7:29:16:Infinity":1,"f:7:29:7:Infinity":0,"s:11:2:15:Infinity":2,"s:18:31:22:Infinity":3,"f:18:31:18:Infinity":1,"b:19:20:19:Infinity":0,"s:21:2:21:Infinity":4,"s:24:29:29:Infinity":5,"f:24:29:24:Infinity":2,"s:28:2:28:Infinity":6}}}
,"/Users/manhurad/Documents/contact-request-processor/src/telegram.ts": {"path":"/Users/manhurad/Documents/contact-request-processor/src/telegram.ts","statementMap":{"0":{"start":{"line":11,"column":4},"end":{"line":24,"column":null}},"1":{"start":{"line":26,"column":35},"end":{"line":30,"column":null}},"2":{"start":{"line":32,"column":39},"end":{"line":41,"column":null}},"3":{"start":{"line":35,"column":2},"end":{"line":39,"column":null}},"4":{"start":{"line":43,"column":26},"end":{"line":59,"column":null}},"5":{"start":{"line":47,"column":2},"end":{"line":58,"column":null}},"6":{"start":{"line":61,"column":43},"end":{"line":115,"column":null}},"7":{"start":{"line":65,"column":2},"end":{"line":70,"column":null}},"8":{"start":{"line":66,"column":4},"end":{"line":68,"column":null}},"9":{"start":{"line":69,"column":4},"end":{"line":69,"column":null}},"10":{"start":{"line":72,"column":28},"end":{"line":72,"column":null}},"11":{"start":{"line":73,"column":15},"end":{"line":73,"column":null}},"12":{"start":{"line":75,"column":2},"end":{"line":114,"column":null}},"13":{"start":{"line":76,"column":21},"end":{"line":88,"column":null}},"14":{"start":{"line":90,"column":4},"end":{"line":101,"column":null}},"15":{"start":{"line":91,"column":24},"end":{"line":91,"column":null}},"16":{"start":{"line":92,"column":6},"end":{"line":96,"column":null}},"17":{"start":{"line":97,"column":6},"end":{"line":100,"column":null}},"18":{"start":{"line":103,"column":4},"end":{"line":103,"column":null}},"19":{"start":{"line":104,"column":4},"end":{"line":104,"column":null}},"20":{"start":{"line":106,"column":25},"end":{"line":106,"column":null}},"21":{"start":{"line":107,"column":4},"end":{"line":109,"column":null}},"22":{"start":{"line":110,"column":4},"end":{"line":113,"column":null}}},"fnMap":{"0":{"name":"(anonymous_0)","decl":{"start":{"line":32,"column":39},"end":{"line":32,"column":null}},"loc":{"start":{"line":34,"column":27},"end":{"line":41,"column":null}},"line":34},"1":{"name":"(anonymous_1)","decl":{"start":{"line":43,"column":26},"end":{"line":43,"column":null}},"loc":{"start":{"line":46,"column":13},"end":{"line":59,"column":null}},"line":46},"2":{"name":"(anonymous_2)","decl":{"start":{"line":61,"column":43},"end":{"line":61,"column":null}},"loc":{"start":{"line":64,"column":59},"end":{"line":115,"column":null}},"line":64}},"branchMap":{"0":{"loc":{"start":{"line":36,"column":4},"end":{"line":39,"column":null}},"type":"binary-expr","locations":[{"start":{"line":36,"column":4},"end":{"line":36,"column":42}},{"start":{"line":36,"column":42},"end":{"line":39,"column":null}}],"line":36},"1":{"loc":{"start":{"line":65,"column":2},"end":{"line":70,"column":null}},"type":"if","locations":[{"start":{"line":65,"column":2},"end":{"line":70,"column":null}},{"start":{},"end":{}}],"line":65},"2":{"loc":{"start":{"line":90,"column":4},"end":{"line":101,"column":null}},"type":"if","locations":[{"start":{"line":90,"column":4},"end":{"line":101,"column":null}},{"start":{},"end":{}}],"line":90},"3":{"loc":{"start":{"line":106,"column":25},"end":{"line":106,"column":null}},"type":"cond-expr","locations":[{"start":{"line":106,"column":50},"end":{"line":106,"column":66}},{"start":{"line":106,"column":66},"end":{"line":106,"column":null}}],"line":106},"4":{"loc":{"start":{"line":108,"column":13},"end":{"line":108,"column":null}},"type":"cond-expr","locations":[{"start":{"line":108,"column":38},"end":{"line":108,"column":46}},{"start":{"line":108,"column":46},"end":{"line":108,"column":null}}],"line":108}},"s":{"0":2,"1":2,"2":2,"3":6,"4":2,"5":5,"6":2,"7":6,"8":1,"9":1,"10":5,"11":5,"12":5,"13":5,"14":3,"15":1,"16":1,"17":1,"18":2,"19":2,"20":2,"21":2,"22":2},"f":{"0":6,"1":5,"2":6},"b":{"0":[6,1],"1":[1,5],"2":[1,2],"3":[1,1],"4":[1,1]},"meta":{"lastBranch":5,"lastFunction":3,"lastStatement":23,"seen":{"s:11:4:24:Infinity":0,"s:26:35:30:Infinity":1,"s:32:39:41:Infinity":2,"f:32:39:32:Infinity":0,"s:35:2:39:Infinity":3,"b:36:4:36:42:36:42:39:Infinity":0,"s:43:26:59:Infinity":4,"f:43:26:43:Infinity":1,"s:47:2:58:Infinity":5,"s:61:43:115:Infinity":6,"f:61:43:61:Infinity":2,"b:65:2:70:Infinity:undefined:undefined:undefined:undefined":1,"s:65:2:70:Infinity":7,"s:66:4:68:Infinity":8,"s:69:4:69:Infinity":9,"s:72:28:72:Infinity":10,"s:73:15:73:Infinity":11,"s:75:2:114:Infinity":12,"s:76:21:88:Infinity":13,"b:90:4:101:Infinity:undefined:undefined:undefined:undefined":2,"s:90:4:101:Infinity":14,"s:91:24:91:Infinity":15,"s:92:6:96:Infinity":16,"s:97:6:100:Infinity":17,"s:103:4:103:Infinity":18,"s:104:4:104:Infinity":19,"s:106:25:106:Infinity":20,"b:106:50:106:66:106:66:106:Infinity":3,"s:107:4:109:Infinity":21,"b:108:38:108:46:108:46:108:Infinity":4,"s:110:4:113:Infinity":22}}}
,"/Users/manhurad/Documents/contact-request-processor/src/validator.ts": {"path":"/Users/manhurad/Documents/contact-request-processor/src/validator.ts","statementMap":{"0":{"start":{"line":3,"column":39},"end":{"line":42,"column":null}},"1":{"start":{"line":8,"column":2},"end":{"line":12,"column":null}},"2":{"start":{"line":9,"column":4},"end":{"line":9,"column":null}},"3":{"start":{"line":11,"column":4},"end":{"line":11,"column":null}},"4":{"start":{"line":14,"column":2},"end":{"line":16,"column":null}},"5":{"start":{"line":15,"column":4},"end":{"line":15,"column":null}},"6":{"start":{"line":18,"column":15},"end":{"line":18,"column":null}},"7":{"start":{"line":20,"column":2},"end":{"line":22,"column":null}},"8":{"start":{"line":21,"column":4},"end":{"line":21,"column":null}},"9":{"start":{"line":23,"column":2},"end":{"line":25,"column":null}},"10":{"start":{"line":24,"column":4},"end":{"line":24,"column":null}},"11":{"start":{"line":26,"column":2},"end":{"line":28,"column":null}},"12":{"start":{"line":27,"column":4},"end":{"line":27,"column":null}},"13":{"start":{"line":29,"column":2},"end":{"line":31,"column":null}},"14":{"start":{"line":30,"column":4},"end":{"line":30,"column":null}},"15":{"start":{"line":33,"column":2},"end":{"line":41,"column":null}}},"fnMap":{"0":{"name":"(anonymous_0)","decl":{"start":{"line":3,"column":39},"end":{"line":3,"column":null}},"loc":{"start":{"line":5,"column":30},"end":{"line":42,"column":null}},"line":5}},"branchMap":{"0":{"loc":{"start":{"line":14,"column":2},"end":{"line":16,"column":null}},"type":"if","locations":[{"start":{"line":14,"column":2},"end":{"line":16,"column":null}},{"start":{},"end":{}}],"line":14},"1":{"loc":{"start":{"line":14,"column":6},"end":{"line":14,"column":70}},"type":"binary-expr","locations":[{"start":{"line":14,"column":6},"end":{"line":14,"column":17}},{"start":{"line":14,"column":17},"end":{"line":14,"column":47}},{"start":{"line":14,"column":47},"end":{"line":14,"column":70}}],"line":14},"2":{"loc":{"start":{"line":20,"column":2},"end":{"line":22,"column":null}},"type":"if","locations":[{"start":{"line":20,"column":2},"end":{"line":22,"column":null}},{"start":{},"end":{}}],"line":20},"3":{"loc":{"start":{"line":20,"column":6},"end":{"line":20,"column":64}},"type":"binary-expr","locations":[{"start":{"line":20,"column":6},"end":{"line":20,"column":42}},{"start":{"line":20,"column":42},"end":{"line":20,"column":64}}],"line":20},"4":{"loc":{"start":{"line":23,"column":2},"end":{"line":25,"column":null}},"type":"if","locations":[{"start":{"line":23,"column":2},"end":{"line":25,"column":null}},{"start":{},"end":{}}],"line":23},"5":{"loc":{"start":{"line":23,"column":6},"end":{"line":23,"column":60}},"type":"binary-expr","locations":[{"start":{"line":23,"column":6},"end":{"line":23,"column":40}},{"start":{"line":23,"column":40},"end":{"line":23,"column":60}}],"line":23},"6":{"loc":{"start":{"line":26,"column":2},"end":{"line":28,"column":null}},"type":"if","locations":[{"start":{"line":26,"column":2},"end":{"line":28,"column":null}},{"start":{},"end":{}}],"line":26},"7":{"loc":{"start":{"line":26,"column":6},"end":{"line":26,"column":58}},"type":"binary-expr","locations":[{"start":{"line":26,"column":6},"end":{"line":26,"column":39}},{"start":{"line":26,"column":39},"end":{"line":26,"column":58}}],"line":26},"8":{"loc":{"start":{"line":29,"column":2},"end":{"line":31,"column":null}},"type":"if","locations":[{"start":{"line":29,"column":2},"end":{"line":31,"column":null}},{"start":{},"end":{}}],"line":29},"9":{"loc":{"start":{"line":29,"column":6},"end":{"line":29,"column":54}},"type":"binary-expr","locations":[{"start":{"line":29,"column":6},"end":{"line":29,"column":37}},{"start":{"line":29,"column":37},"end":{"line":29,"column":54}}],"line":29}},"s":{"0":2,"1":17,"2":17,"3":1,"4":16,"5":3,"6":13,"7":13,"8":3,"9":10,"10":3,"11":7,"12":3,"13":4,"14":3,"15":1},"f":{"0":17},"b":{"0":[3,13],"1":[16,15,14],"2":[3,10],"3":[13,11],"4":[3,7],"5":[10,8],"6":[3,4],"7":[7,5],"8":[3,1],"9":[4,2]},"meta":{"lastBranch":10,"lastFunction":1,"lastStatement":16,"seen":{"s:3:39:42:Infinity":0,"f:3:39:3:Infinity":0,"s:8:2:12:Infinity":1,"s:9:4:9:Infinity":2,"s:11:4:11:Infinity":3,"b:14:2:16:Infinity:undefined:undefined:undefined:undefined":0,"s:14:2:16:Infinity":4,"b:14:6:14:17:14:17:14:47:14:47:14:70":1,"s:15:4:15:Infinity":5,"s:18:15:18:Infinity":6,"b:20:2:22:Infinity:undefined:undefined:undefined:undefined":2,"s:20:2:22:Infinity":7,"b:20:6:20:42:20:42:20:64":3,"s:21:4:21:Infinity":8,"b:23:2:25:Infinity:undefined:undefined:undefined:undefined":4,"s:23:2:25:Infinity":9,"b:23:6:23:40:23:40:23:60":5,"s:24:4:24:Infinity":10,"b:26:2:28:Infinity:undefined:undefined:undefined:undefined":6,"s:26:2:28:Infinity":11,"b:26:6:26:39:26:39:26:58":7,"s:27:4:27:Infinity":12,"b:29:2:31:Infinity:undefined:undefined:undefined:undefined":8,"s:29:2:31:Infinity":13,"b:29:6:29:37:29:37:29:54":9,"s:30:4:30:Infinity":14,"s:33:2:41:Infinity":15}}}
,"/Users/manhurad/Documents/contact-request-processor/src/bedrock/config.ts": {"path":"/Users/manhurad/Documents/contact-request-processor/src/bedrock/config.ts","statementMap":{"0":{"start":{"line":1,"column":15},"end":{"line":7,"column":null}}},"fnMap":{},"branchMap":{},"s":{"0":2},"f":{},"b":{},"meta":{"lastBranch":0,"lastFunction":0,"lastStatement":1,"seen":{"s:1:15:7:Infinity":0}}}
,"/Users/manhurad/Documents/contact-request-processor/src/bedrock/index.ts": {"path":"/Users/manhurad/Documents/contact-request-processor/src/bedrock/index.ts","statementMap":{"0":{"start":{"line":16,"column":15},"end":{"line":16,"column":null}},"1":{"start":{"line":23,"column":18},"end":{"line":34,"column":null}},"2":{"start":{"line":36,"column":18},"end":{"line":41,"column":null}},"3":{"start":{"line":43,"column":2},"end":{"line":66,"column":null}},"4":{"start":{"line":44,"column":4},"end":{"line":44,"column":null}},"5":{"start":{"line":46,"column":21},"end":{"line":46,"column":null}},"6":{"start":{"line":48,"column":4},"end":{"line":48,"column":null}},"7":{"start":{"line":49,"column":4},"end":{"line":49,"column":null}},"8":{"start":{"line":51,"column":25},"end":{"line":51,"column":null}},"9":{"start":{"line":53,"column":4},"end":{"line":56,"column":null}},"10":{"start":{"line":58,"column":4},"end":{"line":60,"column":null}},"11":{"start":{"line":62,"column":4},"end":{"line":65,"column":null}}},"fnMap":{"0":{"name":"classifyRequest","decl":{"start":{"line":18,"column":22},"end":{"line":18,"column":38}},"loc":{"start":{"line":22,"column":57},"end":{"line":67,"column":null}},"line":22}},"branchMap":{"0":{"loc":{"start":{"line":51,"column":25},"end":{"line":51,"column":null}},"type":"cond-expr","locations":[{"start":{"line":51,"column":50},"end":{"line":51,"column":66}},{"start":{"line":51,"column":66},"end":{"line":51,"column":null}}],"line":51},"1":{"loc":{"start":{"line":54,"column":13},"end":{"line":54,"column":null}},"type":"cond-expr","locations":[{"start":{"line":54,"column":38},"end":{"line":54,"column":46}},{"start":{"line":54,"column":46},"end":{"line":54,"column":null}}],"line":54}},"s":{"0":2,"1":3,"2":3,"3":3,"4":3,"5":3,"6":1,"7":1,"8":2,"9":2,"10":2,"11":2},"f":{"0":3},"b":{"0":[2,0],"1":[2,0]},"meta":{"lastBranch":2,"lastFunction":1,"lastStatement":12,"seen":{"s:16:15:16:Infinity":0,"f:18:22:18:38":0,"s:23:18:34:Infinity":1,"s:36:18:41:Infinity":2,"s:43:2:66:Infinity":3,"s:44:4:44:Infinity":4,"s:46:21:46:Infinity":5,"s:48:4:48:Infinity":6,"s:49:4:49:Infinity":7,"s:51:25:51:Infinity":8,"b:51:50:51:66:51:66:51:Infinity":0,"s:53:4:56:Infinity":9,"b:54:38:54:46:54:46:54:Infinity":1,"s:58:4:60:Infinity":10,"s:62:4:65:Infinity":11}}}
,"/Users/manhurad/Documents/contact-request-processor/src/bedrock/prompt.ts": {"path":"/Users/manhurad/Documents/contact-request-processor/src/bedrock/prompt.ts","statementMap":{"0":{"start":{"line":3,"column":18},"end":{"line":10,"column":null}},"1":{"start":{"line":4,"column":2},"end":{"line":8,"column":null}}},"fnMap":{"0":{"name":"(anonymous_0)","decl":{"start":{"line":3,"column":18},"end":{"line":3,"column":19}},"loc":{"start":{"line":3,"column":79},"end":{"line":10,"column":null}},"line":3}},"branchMap":{},"s":{"0":3,"1":6},"f":{"0":6},"b":{},"meta":{"lastBranch":0,"lastFunction":1,"lastStatement":2,"seen":{"s:3:18:10:Infinity":0,"f:3:18:3:19":0,"s:4:2:8:Infinity":1}}}
,"/Users/manhurad/Documents/contact-request-processor/src/bedrock/system-prompt.ts": {"path":"/Users/manhurad/Documents/contact-request-processor/src/bedrock/system-prompt.ts","statementMap":{"0":{"start":{"line":3,"column":21},"end":{"line":13,"column":null}}},"fnMap":{},"branchMap":{},"s":{"0":3},"f":{},"b":{},"meta":{"lastBranch":0,"lastFunction":0,"lastStatement":1,"seen":{"s:3:21:13:Infinity":0}}}
,"/Users/manhurad/Documents/contact-request-processor/src/bedrock/utils.ts": {"path":"/Users/manhurad/Documents/contact-request-processor/src/bedrock/utils.ts","statementMap":{"0":{"start":{"line":4,"column":36},"end":{"line":20,"column":null}},"1":{"start":{"line":5,"column":2},"end":{"line":7,"column":null}},"2":{"start":{"line":6,"column":4},"end":{"line":6,"column":null}},"3":{"start":{"line":9,"column":23},"end":{"line":11,"column":null}},"4":{"start":{"line":13,"column":25},"end":{"line":13,"column":null}},"5":{"start":{"line":15,"column":26},"end":{"line":17,"column":null}},"6":{"start":{"line":19,"column":2},"end":{"line":19,"column":null}}},"fnMap":{"0":{"name":"(anonymous_0)","decl":{"start":{"line":4,"column":36},"end":{"line":4,"column":37}},"loc":{"start":{"line":4,"column":76},"end":{"line":20,"column":null}},"line":4}},"branchMap":{"0":{"loc":{"start":{"line":5,"column":2},"end":{"line":7,"column":null}},"type":"if","locations":[{"start":{"line":5,"column":2},"end":{"line":7,"column":null}},{"start":{},"end":{}}],"line":5},"1":{"loc":{"start":{"line":13,"column":25},"end":{"line":13,"column":null}},"type":"binary-expr","locations":[{"start":{"line":13,"column":25},"end":{"line":13,"column":60}},{"start":{"line":13,"column":60},"end":{"line":13,"column":null}}],"line":13}},"s":{"0":3,"1":5,"2":1,"3":4,"4":4,"5":5,"6":5},"f":{"0":5},"b":{"0":[1,4],"1":[4,1]},"meta":{"lastBranch":2,"lastFunction":1,"lastStatement":7,"seen":{"s:4:36:20:Infinity":0,"f:4:36:4:37":0,"b:5:2:7:Infinity:undefined:undefined:undefined:undefined":0,"s:5:2:7:Infinity":1,"s:6:4:6:Infinity":2,"s:9:23:11:Infinity":3,"s:13:25:13:Infinity":4,"b:13:25:13:60:13:60:13:Infinity":1,"s:15:26:17:Infinity":5,"s:19:2:19:Infinity":6}}}
,"/Users/manhurad/Documents/contact-request-processor/src/types/app-config.ts": {"path":"/Users/manhurad/Documents/contact-request-processor/src/types/app-config.ts","statementMap":{},"fnMap":{},"branchMap":{},"s":{},"f":{},"b":{},"meta":{"lastBranch":0,"lastFunction":0,"lastStatement":0,"seen":{}}}
,"/Users/manhurad/Documents/contact-request-processor/src/types/bedrock-response-body.ts": {"path":"/Users/manhurad/Documents/contact-request-processor/src/types/bedrock-response-body.ts","statementMap":{},"fnMap":{},"branchMap":{},"s":{},"f":{},"b":{},"meta":{"lastBranch":0,"lastFunction":0,"lastStatement":0,"seen":{}}}
,"/Users/manhurad/Documents/contact-request-processor/src/types/classification-config.ts": {"path":"/Users/manhurad/Documents/contact-request-processor/src/types/classification-config.ts","statementMap":{},"fnMap":{},"branchMap":{},"s":{},"f":{},"b":{},"meta":{"lastBranch":0,"lastFunction":0,"lastStatement":0,"seen":{}}}
,"/Users/manhurad/Documents/contact-request-processor/src/types/classification-result.ts": {"path":"/Users/manhurad/Documents/contact-request-processor/src/types/classification-result.ts","statementMap":{},"fnMap":{},"branchMap":{},"s":{},"f":{},"b":{},"meta":{"lastBranch":0,"lastFunction":0,"lastStatement":0,"seen":{}}}
,"/Users/manhurad/Documents/contact-request-processor/src/types/classify-request-params.ts": {"path":"/Users/manhurad/Documents/contact-request-processor/src/types/classify-request-params.ts","statementMap":{},"fnMap":{},"branchMap":{},"s":{},"f":{},"b":{},"meta":{"lastBranch":0,"lastFunction":0,"lastStatement":0,"seen":{}}}
,"/Users/manhurad/Documents/contact-request-processor/src/types/config-result.ts": {"path":"/Users/manhurad/Documents/contact-request-processor/src/types/config-result.ts","statementMap":{},"fnMap":{},"branchMap":{},"s":{},"f":{},"b":{},"meta":{"lastBranch":0,"lastFunction":0,"lastStatement":0,"seen":{}}}
,"/Users/manhurad/Documents/contact-request-processor/src/types/contact-request-body.ts": {"path":"/Users/manhurad/Documents/contact-request-processor/src/types/contact-request-body.ts","statementMap":{},"fnMap":{},"branchMap":{},"s":{},"f":{},"b":{},"meta":{"lastBranch":0,"lastFunction":0,"lastStatement":0,"seen":{}}}
,"/Users/manhurad/Documents/contact-request-processor/src/types/contact-request-classification.ts": {"path":"/Users/manhurad/Documents/contact-request-processor/src/types/contact-request-classification.ts","statementMap":{"0":{"start":{"line":1,"column":7},"end":{"line":1,"column":null}},"1":{"start":{"line":2,"column":2},"end":{"line":2,"column":null}},"2":{"start":{"line":3,"column":2},"end":{"line":3,"column":null}},"3":{"start":{"line":4,"column":2},"end":{"line":4,"column":null}},"4":{"start":{"line":5,"column":2},"end":{"line":5,"column":null}},"5":{"start":{"line":6,"column":2},"end":{"line":6,"column":null}},"6":{"start":{"line":1,"column":12},"end":{"line":1,"column":null}}},"fnMap":{"0":{"name":"(anonymous_0)","decl":{"start":{"line":1,"column":7},"end":{"line":1,"column":12}},"loc":{"start":{"line":1,"column":7},"end":{"line":1,"column":null}},"line":1}},"branchMap":{"0":{"loc":{"start":{"line":1,"column":12},"end":{"line":1,"column":null}},"type":"binary-expr","locations":[{"start":{"line":1,"column":12},"end":{"line":1,"column":null}},{"start":{"line":1,"column":12},"end":{"line":1,"column":null}}],"line":1}},"s":{"0":4,"1":4,"2":4,"3":4,"4":4,"5":4,"6":4},"f":{"0":4},"b":{"0":[4,4]},"meta":{"lastBranch":1,"lastFunction":1,"lastStatement":7,"seen":{"s:1:7:1:Infinity":0,"f:1:7:1:12":0,"s:2:2:2:Infinity":1,"s:3:2:3:Infinity":2,"s:4:2:4:Infinity":3,"s:5:2:5:Infinity":4,"s:6:2:6:Infinity":5,"s:1:12:1:Infinity":6,"b:1:12:1:Infinity:1:12:1:Infinity":0}}}
,"/Users/manhurad/Documents/contact-request-processor/src/types/index.ts": {"path":"/Users/manhurad/Documents/contact-request-processor/src/types/index.ts","statementMap":{},"fnMap":{},"branchMap":{},"s":{},"f":{},"b":{},"meta":{"lastBranch":0,"lastFunction":0,"lastStatement":0,"seen":{}}}
,"/Users/manhurad/Documents/contact-request-processor/src/types/lambda-response.ts": {"path":"/Users/manhurad/Documents/contact-request-processor/src/types/lambda-response.ts","statementMap":{},"fnMap":{},"branchMap":{},"s":{},"f":{},"b":{},"meta":{"lastBranch":0,"lastFunction":0,"lastStatement":0,"seen":{}}}
,"/Users/manhurad/Documents/contact-request-processor/src/types/send-message-params.ts": {"path":"/Users/manhurad/Documents/contact-request-processor/src/types/send-message-params.ts","statementMap":{},"fnMap":{},"branchMap":{},"s":{},"f":{},"b":{},"meta":{"lastBranch":0,"lastFunction":0,"lastStatement":0,"seen":{}}}
,"/Users/manhurad/Documents/contact-request-processor/src/types/telegram-config.ts": {"path":"/Users/manhurad/Documents/contact-request-processor/src/types/telegram-config.ts","statementMap":{},"fnMap":{},"branchMap":{},"s":{},"f":{},"b":{},"meta":{"lastBranch":0,"lastFunction":0,"lastStatement":0,"seen":{}}}
,"/Users/manhurad/Documents/contact-request-processor/src/types/update-classification-params.ts": {"path":"/Users/manhurad/Documents/contact-request-processor/src/types/update-classification-params.ts","statementMap":{},"fnMap":{},"branchMap":{},"s":{},"f":{},"b":{},"meta":{"lastBranch":0,"lastFunction":0,"lastStatement":0,"seen":{}}}
,"/Users/manhurad/Documents/contact-request-processor/src/types/validation-request-result.ts": {"path":"/Users/manhurad/Documents/contact-request-processor/src/types/validation-request-result.ts","statementMap":{},"fnMap":{},"branchMap":{},"s":{},"f":{},"b":{},"meta":{"lastBranch":0,"lastFunction":0,"lastStatement":0,"seen":{}}}
}
