{"/Users/manhurad/Documents/contact-request-processor/src/config.ts": {"path":"/Users/manhurad/Documents/contact-request-processor/src/config.ts","statementMap":{"0":{"start":{"line":3,"column":37},"end":{"line":29,"column":null}},"1":{"start":{"line":4,"column":64},"end":{"line":4,"column":null}},"2":{"start":{"line":6,"column":32},"end":{"line":6,"column":null}},"3":{"start":{"line":8,"column":2},"end":{"line":8,"column":null}},"4":{"start":{"line":8,"column":20},"end":{"line":8,"column":null}},"5":{"start":{"line":9,"column":2},"end":{"line":9,"column":null}},"6":{"start":{"line":9,"column":27},"end":{"line":9,"column":null}},"7":{"start":{"line":10,"column":2},"end":{"line":10,"column":null}},"8":{"start":{"line":10,"column":25},"end":{"line":10,"column":null}},"9":{"start":{"line":12,"column":2},"end":{"line":19,"column":null}},"10":{"start":{"line":13,"column":4},"end":{"line":18,"column":null}},"11":{"start":{"line":21,"column":2},"end":{"line":28,"column":null}}},"fnMap":{"0":{"name":"(anonymous_0)","decl":{"start":{"line":3,"column":37},"end":{"line":3,"column":57}},"loc":{"start":{"line":3,"column":57},"end":{"line":29,"column":null}},"line":3}},"branchMap":{"0":{"loc":{"start":{"line":8,"column":2},"end":{"line":8,"column":null}},"type":"if","locations":[{"start":{"line":8,"column":2},"end":{"line":8,"column":null}},{"start":{},"end":{}}],"line":8},"1":{"loc":{"start":{"line":9,"column":2},"end":{"line":9,"column":null}},"type":"if","locations":[{"start":{"line":9,"column":2},"end":{"line":9,"column":null}},{"start":{},"end":{}}],"line":9},"2":{"loc":{"start":{"line":10,"column":2},"end":{"line":10,"column":null}},"type":"if","locations":[{"start":{"line":10,"column":2},"end":{"line":10,"column":null}},{"start":{},"end":{}}],"line":10},"3":{"loc":{"start":{"line":12,"column":2},"end":{"line":19,"column":null}},"type":"if","locations":[{"start":{"line":12,"column":2},"end":{"line":19,"column":null}},{"start":{},"end":{}}],"line":12}},"s":{"0":1,"1":4,"2":4,"3":4,"4":2,"5":4,"6":2,"7":4,"8":2,"9":4,"10":3,"11":1},"f":{"0":4},"b":{"0":[2,2],"1":[2,2],"2":[2,2],"3":[3,1]},"meta":{"lastBranch":4,"lastFunction":1,"lastStatement":12,"seen":{"s:3:37:29:Infinity":0,"f:3:37:3:57":0,"s:4:64:4:Infinity":1,"s:6:32:6:Infinity":2,"b:8:2:8:Infinity:undefined:undefined:undefined:undefined":0,"s:8:2:8:Infinity":3,"s:8:20:8:Infinity":4,"b:9:2:9:Infinity:undefined:undefined:undefined:undefined":1,"s:9:2:9:Infinity":5,"s:9:27:9:Infinity":6,"b:10:2:10:Infinity:undefined:undefined:undefined:undefined":2,"s:10:2:10:Infinity":7,"s:10:25:10:Infinity":8,"b:12:2:19:Infinity:undefined:undefined:undefined:undefined":3,"s:12:2:19:Infinity":9,"s:13:4:18:Infinity":10,"s:21:2:28:Infinity":11}}}
,"/Users/manhurad/Documents/contact-request-processor/src/logger.ts": {"path":"/Users/manhurad/Documents/contact-request-processor/src/logger.ts","statementMap":{"0":{"start":{"line":3,"column":26},"end":{"line":8,"column":null}},"1":{"start":{"line":4,"column":2},"end":{"line":7,"column":null}},"2":{"start":{"line":10,"column":22},"end":{"line":10,"column":null}}},"fnMap":{"0":{"name":"(anonymous_0)","decl":{"start":{"line":3,"column":26},"end":{"line":3,"column":27}},"loc":{"start":{"line":3,"column":63},"end":{"line":8,"column":null}},"line":3}},"branchMap":{"0":{"loc":{"start":{"line":6,"column":15},"end":{"line":6,"column":null}},"type":"binary-expr","locations":[{"start":{"line":6,"column":15},"end":{"line":6,"column":33}},{"start":{"line":6,"column":33},"end":{"line":6,"column":58}},{"start":{"line":6,"column":58},"end":{"line":6,"column":null}}],"line":6}},"s":{"0":2,"1":5,"2":2},"f":{"0":5},"b":{"0":[5,4,3]},"meta":{"lastBranch":1,"lastFunction":1,"lastStatement":3,"seen":{"s:3:26:8:Infinity":0,"f:3:26:3:27":0,"s:4:2:7:Infinity":1,"b:6:15:6:33:6:33:6:58:6:58:6:Infinity":0,"s:10:22:10:Infinity":2}}}
,"/Users/manhurad/Documents/contact-request-processor/src/response.ts": {"path":"/Users/manhurad/Documents/contact-request-processor/src/response.ts","statementMap":{"0":{"start":{"line":3,"column":24},"end":{"line":5,"column":null}},"1":{"start":{"line":7,"column":29},"end":{"line":16,"column":null}},"2":{"start":{"line":11,"column":2},"end":{"line":15,"column":null}},"3":{"start":{"line":18,"column":31},"end":{"line":22,"column":null}},"4":{"start":{"line":21,"column":2},"end":{"line":21,"column":null}},"5":{"start":{"line":24,"column":29},"end":{"line":29,"column":null}},"6":{"start":{"line":28,"column":2},"end":{"line":28,"column":null}}},"fnMap":{"0":{"name":"(anonymous_0)","decl":{"start":{"line":7,"column":29},"end":{"line":7,"column":null}},"loc":{"start":{"line":10,"column":21},"end":{"line":16,"column":null}},"line":10},"1":{"name":"(anonymous_1)","decl":{"start":{"line":18,"column":31},"end":{"line":18,"column":null}},"loc":{"start":{"line":20,"column":21},"end":{"line":22,"column":null}},"line":20},"2":{"name":"(anonymous_2)","decl":{"start":{"line":24,"column":29},"end":{"line":24,"column":null}},"loc":{"start":{"line":27,"column":21},"end":{"line":29,"column":null}},"line":27}},"branchMap":{"0":{"loc":{"start":{"line":19,"column":2},"end":{"line":19,"column":null}},"type":"default-arg","locations":[{"start":{"line":19,"column":20},"end":{"line":19,"column":null}}],"line":19}},"s":{"0":1,"1":1,"2":5,"3":1,"4":2,"5":1,"6":2},"f":{"0":5,"1":2,"2":2},"b":{"0":[2]},"meta":{"lastBranch":1,"lastFunction":3,"lastStatement":7,"seen":{"s:3:24:5:Infinity":0,"s:7:29:16:Infinity":1,"f:7:29:7:Infinity":0,"s:11:2:15:Infinity":2,"s:18:31:22:Infinity":3,"f:18:31:18:Infinity":1,"b:19:20:19:Infinity":0,"s:21:2:21:Infinity":4,"s:24:29:29:Infinity":5,"f:24:29:24:Infinity":2,"s:28:2:28:Infinity":6}}}
,"/Users/manhurad/Documents/contact-request-processor/src/validator.ts": {"path":"/Users/manhurad/Documents/contact-request-processor/src/validator.ts","statementMap":{"0":{"start":{"line":3,"column":39},"end":{"line":42,"column":null}},"1":{"start":{"line":8,"column":2},"end":{"line":12,"column":null}},"2":{"start":{"line":9,"column":4},"end":{"line":9,"column":null}},"3":{"start":{"line":11,"column":4},"end":{"line":11,"column":null}},"4":{"start":{"line":14,"column":2},"end":{"line":16,"column":null}},"5":{"start":{"line":15,"column":4},"end":{"line":15,"column":null}},"6":{"start":{"line":18,"column":15},"end":{"line":18,"column":null}},"7":{"start":{"line":20,"column":2},"end":{"line":22,"column":null}},"8":{"start":{"line":21,"column":4},"end":{"line":21,"column":null}},"9":{"start":{"line":23,"column":2},"end":{"line":25,"column":null}},"10":{"start":{"line":24,"column":4},"end":{"line":24,"column":null}},"11":{"start":{"line":26,"column":2},"end":{"line":28,"column":null}},"12":{"start":{"line":27,"column":4},"end":{"line":27,"column":null}},"13":{"start":{"line":29,"column":2},"end":{"line":31,"column":null}},"14":{"start":{"line":30,"column":4},"end":{"line":30,"column":null}},"15":{"start":{"line":33,"column":2},"end":{"line":41,"column":null}}},"fnMap":{"0":{"name":"(anonymous_0)","decl":{"start":{"line":3,"column":39},"end":{"line":3,"column":null}},"loc":{"start":{"line":5,"column":30},"end":{"line":42,"column":null}},"line":5}},"branchMap":{"0":{"loc":{"start":{"line":14,"column":2},"end":{"line":16,"column":null}},"type":"if","locations":[{"start":{"line":14,"column":2},"end":{"line":16,"column":null}},{"start":{},"end":{}}],"line":14},"1":{"loc":{"start":{"line":14,"column":6},"end":{"line":14,"column":70}},"type":"binary-expr","locations":[{"start":{"line":14,"column":6},"end":{"line":14,"column":17}},{"start":{"line":14,"column":17},"end":{"line":14,"column":47}},{"start":{"line":14,"column":47},"end":{"line":14,"column":70}}],"line":14},"2":{"loc":{"start":{"line":20,"column":2},"end":{"line":22,"column":null}},"type":"if","locations":[{"start":{"line":20,"column":2},"end":{"line":22,"column":null}},{"start":{},"end":{}}],"line":20},"3":{"loc":{"start":{"line":20,"column":6},"end":{"line":20,"column":64}},"type":"binary-expr","locations":[{"start":{"line":20,"column":6},"end":{"line":20,"column":42}},{"start":{"line":20,"column":42},"end":{"line":20,"column":64}}],"line":20},"4":{"loc":{"start":{"line":23,"column":2},"end":{"line":25,"column":null}},"type":"if","locations":[{"start":{"line":23,"column":2},"end":{"line":25,"column":null}},{"start":{},"end":{}}],"line":23},"5":{"loc":{"start":{"line":23,"column":6},"end":{"line":23,"column":60}},"type":"binary-expr","locations":[{"start":{"line":23,"column":6},"end":{"line":23,"column":40}},{"start":{"line":23,"column":40},"end":{"line":23,"column":60}}],"line":23},"6":{"loc":{"start":{"line":26,"column":2},"end":{"line":28,"column":null}},"type":"if","locations":[{"start":{"line":26,"column":2},"end":{"line":28,"column":null}},{"start":{},"end":{}}],"line":26},"7":{"loc":{"start":{"line":26,"column":6},"end":{"line":26,"column":58}},"type":"binary-expr","locations":[{"start":{"line":26,"column":6},"end":{"line":26,"column":39}},{"start":{"line":26,"column":39},"end":{"line":26,"column":58}}],"line":26},"8":{"loc":{"start":{"line":29,"column":2},"end":{"line":31,"column":null}},"type":"if","locations":[{"start":{"line":29,"column":2},"end":{"line":31,"column":null}},{"start":{},"end":{}}],"line":29},"9":{"loc":{"start":{"line":29,"column":6},"end":{"line":29,"column":54}},"type":"binary-expr","locations":[{"start":{"line":29,"column":6},"end":{"line":29,"column":37}},{"start":{"line":29,"column":37},"end":{"line":29,"column":54}}],"line":29}},"s":{"0":1,"1":17,"2":17,"3":1,"4":16,"5":3,"6":13,"7":13,"8":3,"9":10,"10":3,"11":7,"12":3,"13":4,"14":3,"15":1},"f":{"0":17},"b":{"0":[3,13],"1":[16,15,14],"2":[3,10],"3":[13,11],"4":[3,7],"5":[10,8],"6":[3,4],"7":[7,5],"8":[3,1],"9":[4,2]},"meta":{"lastBranch":10,"lastFunction":1,"lastStatement":16,"seen":{"s:3:39:42:Infinity":0,"f:3:39:3:Infinity":0,"s:8:2:12:Infinity":1,"s:9:4:9:Infinity":2,"s:11:4:11:Infinity":3,"b:14:2:16:Infinity:undefined:undefined:undefined:undefined":0,"s:14:2:16:Infinity":4,"b:14:6:14:17:14:17:14:47:14:47:14:70":1,"s:15:4:15:Infinity":5,"s:18:15:18:Infinity":6,"b:20:2:22:Infinity:undefined:undefined:undefined:undefined":2,"s:20:2:22:Infinity":7,"b:20:6:20:42:20:42:20:64":3,"s:21:4:21:Infinity":8,"b:23:2:25:Infinity:undefined:undefined:undefined:undefined":4,"s:23:2:25:Infinity":9,"b:23:6:23:40:23:40:23:60":5,"s:24:4:24:Infinity":10,"b:26:2:28:Infinity:undefined:undefined:undefined:undefined":6,"s:26:2:28:Infinity":11,"b:26:6:26:39:26:39:26:58":7,"s:27:4:27:Infinity":12,"b:29:2:31:Infinity:undefined:undefined:undefined:undefined":8,"s:29:2:31:Infinity":13,"b:29:6:29:37:29:37:29:54":9,"s:30:4:30:Infinity":14,"s:33:2:41:Infinity":15}}}
,"/Users/manhurad/Documents/contact-request-processor/src/bedrock/config.ts": {"path":"/Users/manhurad/Documents/contact-request-processor/src/bedrock/config.ts","statementMap":{"0":{"start":{"line":1,"column":15},"end":{"line":7,"column":null}}},"fnMap":{},"branchMap":{},"s":{"0":1},"f":{},"b":{},"meta":{"lastBranch":0,"lastFunction":0,"lastStatement":1,"seen":{"s:1:15:7:Infinity":0}}}
,"/Users/manhurad/Documents/contact-request-processor/src/bedrock/index.ts": {"path":"/Users/manhurad/Documents/contact-request-processor/src/bedrock/index.ts","statementMap":{"0":{"start":{"line":16,"column":15},"end":{"line":16,"column":null}},"1":{"start":{"line":23,"column":18},"end":{"line":34,"column":null}},"2":{"start":{"line":36,"column":18},"end":{"line":41,"column":null}},"3":{"start":{"line":43,"column":2},"end":{"line":66,"column":null}},"4":{"start":{"line":44,"column":4},"end":{"line":44,"column":null}},"5":{"start":{"line":46,"column":21},"end":{"line":46,"column":null}},"6":{"start":{"line":48,"column":4},"end":{"line":48,"column":null}},"7":{"start":{"line":49,"column":4},"end":{"line":49,"column":null}},"8":{"start":{"line":51,"column":25},"end":{"line":51,"column":null}},"9":{"start":{"line":53,"column":4},"end":{"line":56,"column":null}},"10":{"start":{"line":58,"column":4},"end":{"line":60,"column":null}},"11":{"start":{"line":62,"column":4},"end":{"line":65,"column":null}}},"fnMap":{"0":{"name":"classifyRequest","decl":{"start":{"line":18,"column":22},"end":{"line":18,"column":38}},"loc":{"start":{"line":22,"column":57},"end":{"line":67,"column":null}},"line":22}},"branchMap":{"0":{"loc":{"start":{"line":51,"column":25},"end":{"line":51,"column":null}},"type":"cond-expr","locations":[{"start":{"line":51,"column":50},"end":{"line":51,"column":66}},{"start":{"line":51,"column":66},"end":{"line":51,"column":null}}],"line":51},"1":{"loc":{"start":{"line":54,"column":13},"end":{"line":54,"column":null}},"type":"cond-expr","locations":[{"start":{"line":54,"column":38},"end":{"line":54,"column":46}},{"start":{"line":54,"column":46},"end":{"line":54,"column":null}}],"line":54}},"s":{"0":1,"1":3,"2":3,"3":3,"4":3,"5":3,"6":1,"7":1,"8":2,"9":2,"10":2,"11":2},"f":{"0":3},"b":{"0":[2,0],"1":[2,0]},"meta":{"lastBranch":2,"lastFunction":1,"lastStatement":12,"seen":{"s:16:15:16:Infinity":0,"f:18:22:18:38":0,"s:23:18:34:Infinity":1,"s:36:18:41:Infinity":2,"s:43:2:66:Infinity":3,"s:44:4:44:Infinity":4,"s:46:21:46:Infinity":5,"s:48:4:48:Infinity":6,"s:49:4:49:Infinity":7,"s:51:25:51:Infinity":8,"b:51:50:51:66:51:66:51:Infinity":0,"s:53:4:56:Infinity":9,"b:54:38:54:46:54:46:54:Infinity":1,"s:58:4:60:Infinity":10,"s:62:4:65:Infinity":11}}}
,"/Users/manhurad/Documents/contact-request-processor/src/bedrock/prompt.ts": {"path":"/Users/manhurad/Documents/contact-request-processor/src/bedrock/prompt.ts","statementMap":{"0":{"start":{"line":3,"column":18},"end":{"line":10,"column":null}},"1":{"start":{"line":4,"column":2},"end":{"line":8,"column":null}}},"fnMap":{"0":{"name":"(anonymous_0)","decl":{"start":{"line":3,"column":18},"end":{"line":3,"column":19}},"loc":{"start":{"line":3,"column":79},"end":{"line":10,"column":null}},"line":3}},"branchMap":{},"s":{"0":2,"1":6},"f":{"0":6},"b":{},"meta":{"lastBranch":0,"lastFunction":1,"lastStatement":2,"seen":{"s:3:18:10:Infinity":0,"f:3:18:3:19":0,"s:4:2:8:Infinity":1}}}
,"/Users/manhurad/Documents/contact-request-processor/src/bedrock/system-prompt.ts": {"path":"/Users/manhurad/Documents/contact-request-processor/src/bedrock/system-prompt.ts","statementMap":{"0":{"start":{"line":3,"column":21},"end":{"line":13,"column":null}}},"fnMap":{},"branchMap":{},"s":{"0":2},"f":{},"b":{},"meta":{"lastBranch":0,"lastFunction":0,"lastStatement":1,"seen":{"s:3:21:13:Infinity":0}}}
,"/Users/manhurad/Documents/contact-request-processor/src/bedrock/utils.ts": {"path":"/Users/manhurad/Documents/contact-request-processor/src/bedrock/utils.ts","statementMap":{"0":{"start":{"line":4,"column":36},"end":{"line":20,"column":null}},"1":{"start":{"line":5,"column":2},"end":{"line":7,"column":null}},"2":{"start":{"line":6,"column":4},"end":{"line":6,"column":null}},"3":{"start":{"line":9,"column":23},"end":{"line":11,"column":null}},"4":{"start":{"line":13,"column":25},"end":{"line":13,"column":null}},"5":{"start":{"line":15,"column":26},"end":{"line":17,"column":null}},"6":{"start":{"line":19,"column":2},"end":{"line":19,"column":null}}},"fnMap":{"0":{"name":"(anonymous_0)","decl":{"start":{"line":4,"column":36},"end":{"line":4,"column":37}},"loc":{"start":{"line":4,"column":76},"end":{"line":20,"column":null}},"line":4}},"branchMap":{"0":{"loc":{"start":{"line":5,"column":2},"end":{"line":7,"column":null}},"type":"if","locations":[{"start":{"line":5,"column":2},"end":{"line":7,"column":null}},{"start":{},"end":{}}],"line":5},"1":{"loc":{"start":{"line":13,"column":25},"end":{"line":13,"column":null}},"type":"binary-expr","locations":[{"start":{"line":13,"column":25},"end":{"line":13,"column":60}},{"start":{"line":13,"column":60},"end":{"line":13,"column":null}}],"line":13}},"s":{"0":2,"1":5,"2":1,"3":4,"4":4,"5":5,"6":5},"f":{"0":5},"b":{"0":[1,4],"1":[4,1]},"meta":{"lastBranch":2,"lastFunction":1,"lastStatement":7,"seen":{"s:4:36:20:Infinity":0,"f:4:36:4:37":0,"b:5:2:7:Infinity:undefined:undefined:undefined:undefined":0,"s:5:2:7:Infinity":1,"s:6:4:6:Infinity":2,"s:9:23:11:Infinity":3,"s:13:25:13:Infinity":4,"b:13:25:13:60:13:60:13:Infinity":1,"s:15:26:17:Infinity":5,"s:19:2:19:Infinity":6}}}
,"/Users/manhurad/Documents/contact-request-processor/src/types/app-config.ts": {"path":"/Users/manhurad/Documents/contact-request-processor/src/types/app-config.ts","statementMap":{},"fnMap":{},"branchMap":{},"s":{},"f":{},"b":{},"meta":{"lastBranch":0,"lastFunction":0,"lastStatement":0,"seen":{}}}
,"/Users/manhurad/Documents/contact-request-processor/src/types/bedrock-response-body.ts": {"path":"/Users/manhurad/Documents/contact-request-processor/src/types/bedrock-response-body.ts","statementMap":{},"fnMap":{},"branchMap":{},"s":{},"f":{},"b":{},"meta":{"lastBranch":0,"lastFunction":0,"lastStatement":0,"seen":{}}}
,"/Users/manhurad/Documents/contact-request-processor/src/types/classification-result.ts": {"path":"/Users/manhurad/Documents/contact-request-processor/src/types/classification-result.ts","statementMap":{},"fnMap":{},"branchMap":{},"s":{},"f":{},"b":{},"meta":{"lastBranch":0,"lastFunction":0,"lastStatement":0,"seen":{}}}
,"/Users/manhurad/Documents/contact-request-processor/src/types/classify-request-params.ts": {"path":"/Users/manhurad/Documents/contact-request-processor/src/types/classify-request-params.ts","statementMap":{},"fnMap":{},"branchMap":{},"s":{},"f":{},"b":{},"meta":{"lastBranch":0,"lastFunction":0,"lastStatement":0,"seen":{}}}
,"/Users/manhurad/Documents/contact-request-processor/src/types/config-result.ts": {"path":"/Users/manhurad/Documents/contact-request-processor/src/types/config-result.ts","statementMap":{},"fnMap":{},"branchMap":{},"s":{},"f":{},"b":{},"meta":{"lastBranch":0,"lastFunction":0,"lastStatement":0,"seen":{}}}
,"/Users/manhurad/Documents/contact-request-processor/src/types/contact-request-body.ts": {"path":"/Users/manhurad/Documents/contact-request-processor/src/types/contact-request-body.ts","statementMap":{},"fnMap":{},"branchMap":{},"s":{},"f":{},"b":{},"meta":{"lastBranch":0,"lastFunction":0,"lastStatement":0,"seen":{}}}
,"/Users/manhurad/Documents/contact-request-processor/src/types/contact-request-status.ts": {"path":"/Users/manhurad/Documents/contact-request-processor/src/types/contact-request-status.ts","statementMap":{"0":{"start":{"line":1,"column":7},"end":{"line":1,"column":null}},"1":{"start":{"line":2,"column":2},"end":{"line":2,"column":null}},"2":{"start":{"line":3,"column":2},"end":{"line":3,"column":null}},"3":{"start":{"line":4,"column":2},"end":{"line":4,"column":null}},"4":{"start":{"line":5,"column":2},"end":{"line":5,"column":null}},"5":{"start":{"line":6,"column":2},"end":{"line":6,"column":null}},"6":{"start":{"line":1,"column":12},"end":{"line":1,"column":null}}},"fnMap":{"0":{"name":"(anonymous_0)","decl":{"start":{"line":1,"column":7},"end":{"line":1,"column":12}},"loc":{"start":{"line":1,"column":7},"end":{"line":1,"column":null}},"line":1}},"branchMap":{"0":{"loc":{"start":{"line":1,"column":12},"end":{"line":1,"column":null}},"type":"binary-expr","locations":[{"start":{"line":1,"column":12},"end":{"line":1,"column":null}},{"start":{"line":1,"column":12},"end":{"line":1,"column":null}}],"line":1}},"s":{"0":2,"1":2,"2":2,"3":2,"4":2,"5":2,"6":2},"f":{"0":2},"b":{"0":[2,2]},"meta":{"lastBranch":1,"lastFunction":1,"lastStatement":7,"seen":{"s:1:7:1:Infinity":0,"f:1:7:1:12":0,"s:2:2:2:Infinity":1,"s:3:2:3:Infinity":2,"s:4:2:4:Infinity":3,"s:5:2:5:Infinity":4,"s:6:2:6:Infinity":5,"s:1:12:1:Infinity":6,"b:1:12:1:Infinity:1:12:1:Infinity":0}}}
,"/Users/manhurad/Documents/contact-request-processor/src/types/index.ts": {"path":"/Users/manhurad/Documents/contact-request-processor/src/types/index.ts","statementMap":{},"fnMap":{},"branchMap":{},"s":{},"f":{},"b":{},"meta":{"lastBranch":0,"lastFunction":0,"lastStatement":0,"seen":{}}}
,"/Users/manhurad/Documents/contact-request-processor/src/types/lambda-response.ts": {"path":"/Users/manhurad/Documents/contact-request-processor/src/types/lambda-response.ts","statementMap":{},"fnMap":{},"branchMap":{},"s":{},"f":{},"b":{},"meta":{"lastBranch":0,"lastFunction":0,"lastStatement":0,"seen":{}}}
,"/Users/manhurad/Documents/contact-request-processor/src/types/send-message-params.ts": {"path":"/Users/manhurad/Documents/contact-request-processor/src/types/send-message-params.ts","statementMap":{},"fnMap":{},"branchMap":{},"s":{},"f":{},"b":{},"meta":{"lastBranch":0,"lastFunction":0,"lastStatement":0,"seen":{}}}
,"/Users/manhurad/Documents/contact-request-processor/src/types/status-config.ts": {"path":"/Users/manhurad/Documents/contact-request-processor/src/types/status-config.ts","statementMap":{},"fnMap":{},"branchMap":{},"s":{},"f":{},"b":{},"meta":{"lastBranch":0,"lastFunction":0,"lastStatement":0,"seen":{}}}
,"/Users/manhurad/Documents/contact-request-processor/src/types/telegram-config.ts": {"path":"/Users/manhurad/Documents/contact-request-processor/src/types/telegram-config.ts","statementMap":{},"fnMap":{},"branchMap":{},"s":{},"f":{},"b":{},"meta":{"lastBranch":0,"lastFunction":0,"lastStatement":0,"seen":{}}}
,"/Users/manhurad/Documents/contact-request-processor/src/types/update-status-params.ts": {"path":"/Users/manhurad/Documents/contact-request-processor/src/types/update-status-params.ts","statementMap":{},"fnMap":{},"branchMap":{},"s":{},"f":{},"b":{},"meta":{"lastBranch":0,"lastFunction":0,"lastStatement":0,"seen":{}}}
,"/Users/manhurad/Documents/contact-request-processor/src/types/validation-request-result.ts": {"path":"/Users/manhurad/Documents/contact-request-processor/src/types/validation-request-result.ts","statementMap":{},"fnMap":{},"branchMap":{},"s":{},"f":{},"b":{},"meta":{"lastBranch":0,"lastFunction":0,"lastStatement":0,"seen":{}}}
}
